<?xml version="1.0" encoding="UTF-8"?>
<!-- Generated by org.testng.reporters.JUnitReportReporter -->
<testsuite hostname="DESKTOP-QRM2HRT" failures="0" tests="5" name="runner.TestRunner" time="61.533" errors="0" timestamp="2024-07-16T14:10:17 IST" skipped="0">
  <testcase classname="runner.TestRunner" name="runScenario" time="11.582"/>
  <testcase classname="runner.TestRunner" name="runScenario" time="15.324"/>
  <testcase classname="runner.TestRunner" name="runScenario" time="11.614"/>
  <testcase classname="runner.TestRunner" name="runScenario" time="11.535"/>
  <testcase classname="runner.TestRunner" name="runScenario" time="11.478"/>
</testsuite> <!-- runner.TestRunner -->
